# JRE version: OpenJDK Runtime Environment (8.0_152-b06) (build 1.8.0_152-release-1136-b06)
# Java VM: OpenJDK 64-Bit Server VM (25.152-b06 mixed mode windows-amd64 compressed oops)
Heap:
 PSYoungGen      total 266752K, used 177666K [0x00000000eab00000, 0x0000000100000000, 0x0000000100000000)
  eden space 184320K, 91% used [0x00000000eab00000,0x00000000f501e478,0x00000000f5f00000)
  from space 82432K, 10% used [0x00000000f5f00000,0x00000000f67623e8,0x00000000faf80000)
  to   space 80384K, 0% used [0x00000000fb180000,0x00000000fb180000,0x0000000100000000)
 ParOldGen       total 334336K, used 206428K [0x00000000c0000000, 0x00000000d4680000, 0x00000000eab00000)
  object space 334336K, 61% used [0x00000000c0000000,0x00000000cc997108,0x00000000d4680000)
 Metaspace       used 84515K, capacity 87954K, committed 88536K, reserved 1126400K
  class space    used 10575K, capacity 11263K, committed 11520K, reserved 1048576K
GC Heap History (10 events):
Event: 574.857 GC heap before
{Heap before GC invocations=31 (full 4):
 PSYoungGen      total 274944K, used 217662K [0x00000000eab00000, 0x0000000100000000, 0x0000000100000000)
  eden space 198656K, 100% used [0x00000000eab00000,0x00000000f6d00000,0x00000000f6d00000)
  from space 76288K, 24% used [0x00000000fb580000,0x00000000fc80fa50,0x0000000100000000)
  to   space 74240K, 0% used [0x00000000f6d00000,0x00000000f6d00000,0x00000000fb580000)
 ParOldGen       total 334336K, used 165563K [0x00000000c0000000, 0x00000000d4680000, 0x00000000eab00000)
  object space 334336K, 49% used [0x00000000c0000000,0x00000000ca1aed10,0x00000000d4680000)
 Metaspace       used 83728K, capacity 86920K, committed 87640K, reserved 1126400K
  class space    used 10546K, capacity 11182K, committed 11392K, reserved 1048576K
Event: 574.861 GC heap after
Heap after GC invocations=31 (full 4):
 PSYoungGen      total 200192K, used 1289K [0x00000000eab00000, 0x00000000ffd00000, 0x0000000100000000)
  eden space 198656K, 0% used [0x00000000eab00000,0x00000000eab00000,0x00000000f6d00000)
  from space 1536K, 83% used [0x00000000f6d00000,0x00000000f6e427c8,0x00000000f6e80000)
  to   space 73728K, 0% used [0x00000000fb500000,0x00000000fb500000,0x00000000ffd00000)
 ParOldGen       total 334336K, used 165699K [0x00000000c0000000, 0x00000000d4680000, 0x00000000eab00000)
  object space 334336K, 49% used [0x00000000c0000000,0x00000000ca1d0d30,0x00000000d4680000)
 Metaspace       used 83728K, capacity 86920K, committed 87640K, reserved 1126400K
  class space    used 10546K, capacity 11182K, committed 11392K, reserved 1048576K
}
Event: 577.307 GC heap before
{Heap before GC invocations=32 (full 4):
 PSYoungGen      total 200192K, used 197229K [0x00000000eab00000, 0x00000000ffd00000, 0x0000000100000000)
  eden space 198656K, 98% used [0x00000000eab00000,0x00000000f6a58cb0,0x00000000f6d00000)
  from space 1536K, 83% used [0x00000000f6d00000,0x00000000f6e427c8,0x00000000f6e80000)
  to   space 73728K, 0% used [0x00000000fb500000,0x00000000fb500000,0x00000000ffd00000)
 ParOldGen       total 334336K, used 165699K [0x00000000c0000000, 0x00000000d4680000, 0x00000000eab00000)
  object space 334336K, 49% used [0x00000000c0000000,0x00000000ca1d0d30,0x00000000d4680000)
 Metaspace       used 84083K, capacity 87486K, committed 88280K, reserved 1126400K
  class space    used 10561K, capacity 11239K, committed 11520K, reserved 1048576K
Event: 577.317 GC heap after
Heap after GC invocations=32 (full 4):
 PSYoungGen      total 275456K, used 10874K [0x00000000eab00000, 0x0000000100000000, 0x0000000100000000)
  eden space 201728K, 0% used [0x00000000eab00000,0x00000000eab00000,0x00000000f7000000)
  from space 73728K, 14% used [0x00000000fb500000,0x00000000fbf9ead0,0x00000000ffd00000)
  to   space 70656K, 0% used [0x00000000f7000000,0x00000000f7000000,0x00000000fb500000)
 ParOldGen       total 334336K, used 166531K [0x00000000c0000000, 0x00000000d4680000, 0x00000000eab00000)
  object space 334336K, 49% used [0x00000000c0000000,0x00000000ca2a0d78,0x00000000d4680000)
 Metaspace       used 84083K, capacity 87486K, committed 88280K, reserved 1126400K
  class space    used 10561K, capacity 11239K, committed 11520K, reserved 1048576K
}
Event: 578.285 GC heap before
{Heap before GC invocations=33 (full 4):
 PSYoungGen      total 275456K, used 212602K [0x00000000eab00000, 0x0000000100000000, 0x0000000100000000)
  eden space 201728K, 100% used [0x00000000eab00000,0x00000000f7000000,0x00000000f7000000)
  from space 73728K, 14% used [0x00000000fb500000,0x00000000fbf9ead0,0x00000000ffd00000)
  to   space 70656K, 0% used [0x00000000f7000000,0x00000000f7000000,0x00000000fb500000)
 ParOldGen       total 334336K, used 166531K [0x00000000c0000000, 0x00000000d4680000, 0x00000000eab00000)
  object space 334336K, 49% used [0x00000000c0000000,0x00000000ca2a0d78,0x00000000d4680000)
 Metaspace       used 84085K, capacity 87486K, committed 88280K, reserved 1126400K
  class space    used 10561K, capacity 11239K, committed 11520K, reserved 1048576K
Event: 578.335 GC heap after
Heap after GC invocations=33 (full 4):
 PSYoungGen      total 272384K, used 70641K [0x00000000eab00000, 0x0000000100000000, 0x0000000100000000)
  eden space 201728K, 0% used [0x00000000eab00000,0x00000000eab00000,0x00000000f7000000)
  from space 70656K, 99% used [0x00000000f7000000,0x00000000fb4fc5c8,0x00000000fb500000)
  to   space 76800K, 0% used [0x00000000fb500000,0x00000000fb500000,0x0000000100000000)
 ParOldGen       total 334336K, used 178074K [0x00000000c0000000, 0x00000000d4680000, 0x00000000eab00000)
  object space 334336K, 53% used [0x00000000c0000000,0x00000000cade69a8,0x00000000d4680000)
 Metaspace       used 84085K, capacity 87486K, committed 88280K, reserved 1126400K
  class space    used 10561K, capacity 11239K, committed 11520K, reserved 1048576K
}
Event: 579.770 GC heap before
{Heap before GC invocations=34 (full 4):
 PSYoungGen      total 272384K, used 269832K [0x00000000eab00000, 0x0000000100000000, 0x0000000100000000)
  eden space 201728K, 98% used [0x00000000eab00000,0x00000000f6d85be8,0x00000000f7000000)
  from space 70656K, 99% used [0x00000000f7000000,0x00000000fb4fc5c8,0x00000000fb500000)
  to   space 76800K, 0% used [0x00000000fb500000,0x00000000fb500000,0x0000000100000000)
 ParOldGen       total 334336K, used 178074K [0x00000000c0000000, 0x00000000d4680000, 0x00000000eab00000)
  object space 334336K, 53% used [0x00000000c0000000,0x00000000cade69a8,0x00000000d4680000)
 Metaspace       used 84112K, capacity 87492K, committed 88280K, reserved 1126400K
  class space    used 10562K, capacity 11240K, committed 11520K, reserved 1048576K
Event: 579.789 GC heap after
Heap after GC invocations=34 (full 4):
 PSYoungGen      total 261120K, used 26618K [0x00000000eab00000, 0x0000000100000000, 0x0000000100000000)
  eden space 184320K, 0% used [0x00000000eab00000,0x00000000eab00000,0x00000000f5f00000)
  from space 76800K, 34% used [0x00000000fb500000,0x00000000fcefea40,0x0000000100000000)
  to   space 82432K, 0% used [0x00000000f5f00000,0x00000000f5f00000,0x00000000faf80000)
 ParOldGen       total 334336K, used 194607K [0x00000000c0000000, 0x00000000d4680000, 0x00000000eab00000)
  object space 334336K, 58% used [0x00000000c0000000,0x00000000cbe0bdb0,0x00000000d4680000)
 Metaspace       used 84112K, capacity 87492K, committed 88280K, reserved 1126400K
  class space    used 10562K, capacity 11240K, committed 11520K, reserved 1048576K
}
Event: 580.293 GC heap before
{Heap before GC invocations=35 (full 4):
 PSYoungGen      total 261120K, used 209043K [0x00000000eab00000, 0x0000000100000000, 0x0000000100000000)
  eden space 184320K, 98% used [0x00000000eab00000,0x00000000f5d26320,0x00000000f5f00000)
  from space 76800K, 34% used [0x00000000fb500000,0x00000000fcefea40,0x0000000100000000)
  to   space 82432K, 0% used [0x00000000f5f00000,0x00000000f5f00000,0x00000000faf80000)
 ParOldGen       total 334336K, used 194607K [0x00000000c0000000, 0x00000000d4680000, 0x00000000eab00000)
  object space 334336K, 58% used [0x00000000c0000000,0x00000000cbe0bdb0,0x00000000d4680000)
 Metaspace       used 84112K, capacity 87492K, committed 88280K, reserved 1126400K
  class space    used 10562K, capacity 11240K, committed 11520K, reserved 1048576K
Event: 580.302 GC heap after
Heap after GC invocations=35 (full 4):
 PSYoungGen      total 266752K, used 8584K [0x00000000eab00000, 0x0000000100000000, 0x0000000100000000)
  eden space 184320K, 0% used [0x00000000eab00000,0x00000000eab00000,0x00000000f5f00000)
  from space 82432K, 10% used [0x00000000f5f00000,0x00000000f67623e8,0x00000000faf80000)
  to   space 80384K, 0% used [0x00000000fb180000,0x00000000fb180000,0x0000000100000000)
 ParOldGen       total 334336K, used 206428K [0x00000000c0000000, 0x00000000d4680000, 0x00000000eab00000)
  object space 334336K, 61% used [0x00000000c0000000,0x00000000cc997108,0x00000000d4680000)
 Metaspace       used 84112K, capacity 87492K, committed 88280K, reserved 1126400K
  class space    used 10562K, capacity 11240K, committed 11520K, reserved 1048576K
}

